<?xml version="1.0" encoding="UTF-8"?>
<coverage generated="1777393072104" clover="3.2.0">
  <project timestamp="1777393072104" name="All files">
    <metrics statements="152" coveredstatements="130" conditionals="94" coveredconditionals="70" methods="24" coveredmethods="19" elements="270" coveredelements="219" complexity="0" loc="152" ncloc="152" packages="2" files="2" classes="2"/>
    <package name="analytics">
      <metrics statements="117" coveredstatements="103" conditionals="85" coveredconditionals="64" methods="14" coveredmethods="13"/>
      <file name="aggregate.mjs" path="D:\Dev\workflow-mcp\src\analytics\aggregate.mjs">
        <metrics statements="117" coveredstatements="103" conditionals="85" coveredconditionals="64" methods="14" coveredmethods="13"/>
        <line num="6" count="1" type="stmt"/>
        <line num="14" count="25" type="stmt"/>
        <line num="15" count="25" type="cond" truecount="1" falsecount="1"/>
        <line num="16" count="0" type="stmt"/>
        <line num="19" count="25" type="stmt"/>
        <line num="20" count="25" type="stmt"/>
        <line num="22" count="25" type="stmt"/>
        <line num="23" count="125" type="stmt"/>
        <line num="24" count="125" type="cond" truecount="1" falsecount="1"/>
        <line num="25" count="125" type="stmt"/>
        <line num="26" count="125" type="stmt"/>
        <line num="27" count="60" type="stmt"/>
        <line num="32" count="25" type="stmt"/>
        <line num="42" count="32" type="cond" truecount="2" falsecount="0"/>
        <line num="43" count="1" type="stmt"/>
        <line num="46" count="31" type="cond" truecount="2" falsecount="0"/>
        <line num="47" count="23" type="stmt"/>
        <line num="50" count="8" type="cond" truecount="1" falsecount="1"/>
        <line num="51" count="0" type="stmt"/>
        <line num="54" count="8" type="stmt"/>
        <line num="55" count="8" type="stmt"/>
        <line num="56" count="8" type="stmt"/>
        <line num="58" count="8" type="stmt"/>
        <line num="67" count="60" type="cond" truecount="2" falsecount="0"/>
        <line num="68" count="58" type="stmt"/>
        <line num="69" count="58" type="stmt"/>
        <line num="70" count="58" type="stmt"/>
        <line num="82" count="10" type="stmt"/>
        <line num="83" count="10" type="stmt"/>
        <line num="84" count="10" type="stmt"/>
        <line num="85" count="10" type="stmt"/>
        <line num="87" count="10" type="stmt"/>
        <line num="88" count="17" type="stmt"/>
        <line num="89" count="17" type="stmt"/>
        <line num="91" count="17" type="cond" truecount="2" falsecount="0"/>
        <line num="92" count="1" type="stmt"/>
        <line num="95" count="16" type="cond" truecount="2" falsecount="0"/>
        <line num="96" count="2" type="stmt"/>
        <line num="99" count="14" type="stmt"/>
        <line num="100" count="14" type="cond" truecount="2" falsecount="0"/>
        <line num="101" count="17" type="stmt"/>
        <line num="102" count="17" type="stmt"/>
        <line num="105" count="0" type="stmt"/>
        <line num="109" count="10" type="stmt"/>
        <line num="124" count="7" type="stmt"/>
        <line num="125" count="7" type="stmt"/>
        <line num="127" count="7" type="stmt"/>
        <line num="128" count="18" type="stmt"/>
        <line num="129" count="18" type="stmt"/>
        <line num="131" count="18" type="cond" truecount="2" falsecount="0"/>
        <line num="132" count="2" type="stmt"/>
        <line num="135" count="16" type="cond" truecount="2" falsecount="0"/>
        <line num="136" count="1" type="stmt"/>
        <line num="140" count="15" type="cond" truecount="2" falsecount="0"/>
        <line num="141" count="1" type="stmt"/>
        <line num="144" count="14" type="cond" truecount="1" falsecount="1"/>
        <line num="145" count="0" type="stmt"/>
        <line num="148" count="14" type="stmt"/>
        <line num="149" count="14" type="stmt"/>
        <line num="151" count="14" type="cond" truecount="1" falsecount="1"/>
        <line num="152" count="0" type="stmt"/>
        <line num="155" count="14" type="stmt"/>
        <line num="156" count="14" type="stmt"/>
        <line num="158" count="0" type="stmt"/>
        <line num="162" count="7" type="stmt"/>
        <line num="164" count="7" type="cond" truecount="2" falsecount="0"/>
        <line num="165" count="4" type="stmt"/>
        <line num="175" count="25" type="stmt"/>
        <line num="177" count="14" type="stmt"/>
        <line num="180" count="9" type="stmt"/>
        <line num="181" count="9" type="stmt"/>
        <line num="182" count="9" type="stmt"/>
        <line num="183" count="9" type="cond" truecount="2" falsecount="0"/>
        <line num="184" count="5" type="stmt"/>
        <line num="185" count="5" type="stmt"/>
        <line num="188" count="3" type="stmt"/>
        <line num="189" count="3" type="stmt"/>
        <line num="190" count="3" type="stmt"/>
        <line num="192" count="3" type="stmt"/>
        <line num="209" count="0" type="cond" truecount="0" falsecount="2"/>
        <line num="210" count="0" type="cond" truecount="0" falsecount="2"/>
        <line num="211" count="0" type="stmt"/>
        <line num="212" count="0" type="stmt"/>
        <line num="213" count="0" type="cond" truecount="0" falsecount="4"/>
        <line num="214" count="0" type="stmt"/>
        <line num="215" count="0" type="stmt"/>
        <line num="226" count="8" type="stmt"/>
        <line num="227" count="8" type="stmt"/>
        <line num="228" count="8" type="stmt"/>
        <line num="229" count="8" type="stmt"/>
        <line num="231" count="8" type="stmt"/>
        <line num="232" count="25" type="stmt"/>
        <line num="233" count="25" type="stmt"/>
        <line num="236" count="25" type="cond" truecount="2" falsecount="0"/>
        <line num="239" count="24" type="cond" truecount="2" falsecount="2"/>
        <line num="241" count="24" type="cond" truecount="1" falsecount="1"/>
        <line num="242" count="25" type="cond" truecount="2" falsecount="0"/>
        <line num="244" count="25" type="cond" truecount="1" falsecount="1"/>
        <line num="245" count="25" type="cond" truecount="2" falsecount="0"/>
        <line num="248" count="25" type="cond" truecount="3" falsecount="0"/>
        <line num="250" count="107" type="cond" truecount="4" falsecount="0"/>
        <line num="251" count="21" type="stmt"/>
        <line num="253" count="21" type="cond" truecount="4" falsecount="0"/>
        <line num="254" count="1" type="stmt"/>
        <line num="255" count="1" type="cond" truecount="1" falsecount="3"/>
        <line num="257" count="21" type="cond" truecount="4" falsecount="0"/>
        <line num="258" count="20" type="stmt"/>
        <line num="260" count="21" type="cond" truecount="3" falsecount="0"/>
        <line num="261" count="21" type="stmt"/>
        <line num="262" count="21" type="cond" truecount="2" falsecount="0"/>
        <line num="263" count="20" type="stmt"/>
        <line num="264" count="20" type="cond" truecount="1" falsecount="1"/>
        <line num="265" count="20" type="stmt"/>
        <line num="268" count="21" type="stmt"/>
        <line num="271" count="0" type="stmt"/>
        <line num="276" count="16" type="stmt"/>
        <line num="278" count="8" type="stmt"/>
      </file>
    </package>
    <package name="caches">
      <metrics statements="35" coveredstatements="27" conditionals="9" coveredconditionals="6" methods="10" coveredmethods="6"/>
      <file name="frontmatter-cache.mjs" path="D:\Dev\workflow-mcp\src\caches\frontmatter-cache.mjs">
        <metrics statements="35" coveredstatements="27" conditionals="9" coveredconditionals="6" methods="10" coveredmethods="6"/>
        <line num="11" count="1" type="stmt"/>
        <line num="12" count="1" type="stmt"/>
        <line num="13" count="1" type="stmt"/>
        <line num="22" count="115" type="stmt"/>
        <line num="24" count="115" type="stmt"/>
        <line num="25" count="115" type="stmt"/>
        <line num="28" count="115" type="cond" truecount="2" falsecount="0"/>
        <line num="29" count="59" type="stmt"/>
        <line num="31" count="59" type="cond" truecount="1" falsecount="1"/>
        <line num="32" count="59" type="stmt"/>
        <line num="33" count="59" type="stmt"/>
        <line num="41" count="56" type="stmt"/>
        <line num="42" count="56" type="stmt"/>
        <line num="44" count="56" type="stmt"/>
        <line num="49" count="56" type="stmt"/>
        <line num="50" count="56" type="stmt"/>
        <line num="53" count="56" type="stmt"/>
        <line num="55" count="56" type="stmt"/>
        <line num="60" count="0" type="stmt"/>
        <line num="69" count="0" type="stmt"/>
        <line num="70" count="0" type="stmt"/>
        <line num="79" count="115" type="stmt"/>
        <line num="80" count="115" type="cond" truecount="2" falsecount="0"/>
        <line num="81" count="59" type="stmt"/>
        <line num="84" count="115" type="stmt"/>
        <line num="92" count="56" type="stmt"/>
        <line num="94" count="0" type="stmt"/>
        <line num="95" count="0" type="cond" truecount="0" falsecount="2"/>
        <line num="96" count="0" type="stmt"/>
        <line num="106" count="0" type="stmt"/>
        <line num="116" count="22" type="stmt"/>
        <line num="117" count="22" type="stmt"/>
        <line num="125" count="1" type="stmt"/>
        <line num="133" count="60" type="stmt"/>
        <line num="141" count="0" type="stmt"/>
      </file>
    </package>
  </project>
</coverage>
