{"D:\\Dev\\workflow-mcp\\src\\analytics\\aggregate.mjs": {"path":"D:\\Dev\\workflow-mcp\\src\\analytics\\aggregate.mjs","statementMap":{"0":{"start":{"line":6,"column":18},"end":{"line":6,"column":62}},"1":{"start":{"line":14,"column":21},"end":{"line":14,"column":67}},"2":{"start":{"line":15,"column":2},"end":{"line":17,"column":null}},"3":{"start":{"line":16,"column":4},"end":{"line":16,"column":null}},"4":{"start":{"line":19,"column":22},"end":{"line":19,"column":24}},"5":{"start":{"line":20,"column":19},"end":{"line":20,"column":72}},"6":{"start":{"line":22,"column":2},"end":{"line":30,"column":null}},"7":{"start":{"line":23,"column":22},"end":{"line":23,"column":51}},"8":{"start":{"line":24,"column":4},"end":{"line":29,"column":null}},"9":{"start":{"line":25,"column":20},"end":{"line":25,"column":76}},"10":{"start":{"line":25,"column":58},"end":{"line":25,"column":75}},"11":{"start":{"line":26,"column":6},"end":{"line":28,"column":null}},"12":{"start":{"line":27,"column":8},"end":{"line":27,"column":null}},"13":{"start":{"line":32,"column":2},"end":{"line":32,"column":null}},"14":{"start":{"line":42,"column":2},"end":{"line":44,"column":null}},"15":{"start":{"line":43,"column":4},"end":{"line":43,"column":null}},"16":{"start":{"line":46,"column":2},"end":{"line":48,"column":null}},"17":{"start":{"line":47,"column":4},"end":{"line":47,"column":null}},"18":{"start":{"line":50,"column":2},"end":{"line":52,"column":null}},"19":{"start":{"line":51,"column":4},"end":{"line":51,"column":null}},"20":{"start":{"line":54,"column":20},"end":{"line":54,"column":45}},"21":{"start":{"line":55,"column":14},"end":{"line":55,"column":24}},"22":{"start":{"line":56,"column":19},"end":{"line":56,"column":60}},"23":{"start":{"line":58,"column":2},"end":{"line":58,"column":null}},"24":{"start":{"line":67,"column":2},"end":{"line":67,"column":null}},"25":{"start":{"line":67,"column":22},"end":{"line":67,"column":null}},"26":{"start":{"line":68,"column":18},"end":{"line":68,"column":41}},"27":{"start":{"line":69,"column":14},"end":{"line":69,"column":24}},"28":{"start":{"line":70,"column":2},"end":{"line":70,"column":null}},"29":{"start":{"line":82,"column":18},"end":{"line":82,"column":45}},"30":{"start":{"line":83,"column":12},"end":{"line":83,"column":13}},"31":{"start":{"line":84,"column":14},"end":{"line":84,"column":15}},"32":{"start":{"line":85,"column":19},"end":{"line":85,"column":21}},"33":{"start":{"line":87,"column":2},"end":{"line":107,"column":null}},"34":{"start":{"line":88,"column":4},"end":{"line":106,"column":null}},"35":{"start":{"line":89,"column":29},"end":{"line":89,"column":56}},"36":{"start":{"line":91,"column":6},"end":{"line":93,"column":null}},"37":{"start":{"line":92,"column":8},"end":{"line":92,"column":17}},"38":{"start":{"line":95,"column":6},"end":{"line":97,"column":null}},"39":{"start":{"line":96,"column":8},"end":{"line":96,"column":null}},"40":{"start":{"line":99,"column":6},"end":{"line":99,"column":null}},"41":{"start":{"line":100,"column":25},"end":{"line":100,"column":92}},"42":{"start":{"line":101,"column":6},"end":{"line":101,"column":null}},"43":{"start":{"line":102,"column":6},"end":{"line":102,"column":null}},"44":{"start":{"line":105,"column":6},"end":{"line":105,"column":null}},"45":{"start":{"line":109,"column":2},"end":{"line":113,"column":null}},"46":{"start":{"line":124,"column":18},"end":{"line":124,"column":45}},"47":{"start":{"line":125,"column":17},"end":{"line":125,"column":19}},"48":{"start":{"line":127,"column":2},"end":{"line":160,"column":null}},"49":{"start":{"line":128,"column":4},"end":{"line":159,"column":null}},"50":{"start":{"line":129,"column":29},"end":{"line":129,"column":56}},"51":{"start":{"line":131,"column":6},"end":{"line":133,"column":null}},"52":{"start":{"line":132,"column":8},"end":{"line":132,"column":null}},"53":{"start":{"line":135,"column":6},"end":{"line":137,"column":null}},"54":{"start":{"line":136,"column":8},"end":{"line":136,"column":null}},"55":{"start":{"line":140,"column":6},"end":{"line":142,"column":null}},"56":{"start":{"line":141,"column":8},"end":{"line":141,"column":null}},"57":{"start":{"line":144,"column":6},"end":{"line":146,"column":null}},"58":{"start":{"line":145,"column":8},"end":{"line":145,"column":null}},"59":{"start":{"line":148,"column":22},"end":{"line":148,"column":54}},"60":{"start":{"line":149,"column":24},"end":{"line":149,"column":58}},"61":{"start":{"line":151,"column":6},"end":{"line":153,"column":null}},"62":{"start":{"line":152,"column":8},"end":{"line":152,"column":17}},"63":{"start":{"line":155,"column":19},"end":{"line":155,"column":64}},"64":{"start":{"line":156,"column":6},"end":{"line":156,"column":null}},"65":{"start":{"line":158,"column":6},"end":{"line":158,"column":null}},"66":{"start":{"line":162,"column":16},"end":{"line":162,"column":29}},"67":{"start":{"line":164,"column":2},"end":{"line":173,"column":null}},"68":{"start":{"line":165,"column":4},"end":{"line":172,"column":null}},"69":{"start":{"line":175,"column":17},"end":{"line":175,"column":62}},"70":{"start":{"line":175,"column":33},"end":{"line":175,"column":39}},"71":{"start":{"line":175,"column":56},"end":{"line":175,"column":61}},"72":{"start":{"line":177,"column":14},"end":{"line":177,"column":59}},"73":{"start":{"line":177,"column":40},"end":{"line":177,"column":47}},"74":{"start":{"line":180,"column":16},"end":{"line":180,"column":47}},"75":{"start":{"line":181,"column":16},"end":{"line":181,"column":31}},"76":{"start":{"line":182,"column":17},"end":{"line":182,"column":31}},"77":{"start":{"line":183,"column":4},"end":{"line":183,"column":null}},"78":{"start":{"line":183,"column":22},"end":{"line":183,"column":null}},"79":{"start":{"line":184,"column":19},"end":{"line":184,"column":28}},"80":{"start":{"line":185,"column":4},"end":{"line":185,"column":null}},"81":{"start":{"line":188,"column":14},"end":{"line":188,"column":31}},"82":{"start":{"line":189,"column":14},"end":{"line":189,"column":31}},"83":{"start":{"line":190,"column":14},"end":{"line":190,"column":31}},"84":{"start":{"line":192,"column":2},"end":{"line":199,"column":null}},"85":{"start":{"line":209,"column":2},"end":{"line":209,"column":null}},"86":{"start":{"line":209,"column":19},"end":{"line":209,"column":null}},"87":{"start":{"line":210,"column":2},"end":{"line":210,"column":null}},"88":{"start":{"line":210,"column":22},"end":{"line":210,"column":null}},"89":{"start":{"line":211,"column":18},"end":{"line":211,"column":41}},"90":{"start":{"line":212,"column":14},"end":{"line":212,"column":24}},"91":{"start":{"line":213,"column":2},"end":{"line":213,"column":null}},"92":{"start":{"line":213,"column":49},"end":{"line":213,"column":null}},"93":{"start":{"line":214,"column":19},"end":{"line":214,"column":58}},"94":{"start":{"line":215,"column":2},"end":{"line":215,"column":null}},"95":{"start":{"line":226,"column":18},"end":{"line":226,"column":45}},"96":{"start":{"line":227,"column":20},"end":{"line":227,"column":22}},"97":{"start":{"line":228,"column":18},"end":{"line":228,"column":20}},"98":{"start":{"line":229,"column":18},"end":{"line":229,"column":20}},"99":{"start":{"line":231,"column":2},"end":{"line":273,"column":null}},"100":{"start":{"line":232,"column":4},"end":{"line":272,"column":null}},"101":{"start":{"line":233,"column":29},"end":{"line":233,"column":56}},"102":{"start":{"line":236,"column":6},"end":{"line":236,"column":null}},"103":{"start":{"line":236,"column":43},"end":{"line":236,"column":null}},"104":{"start":{"line":239,"column":6},"end":{"line":239,"column":null}},"105":{"start":{"line":239,"column":81},"end":{"line":239,"column":null}},"106":{"start":{"line":241,"column":21},"end":{"line":241,"column":52}},"107":{"start":{"line":242,"column":6},"end":{"line":242,"column":null}},"108":{"start":{"line":244,"column":19},"end":{"line":244,"column":48}},"109":{"start":{"line":245,"column":6},"end":{"line":245,"column":null}},"110":{"start":{"line":248,"column":24},"end":{"line":249,"column":97}},"111":{"start":{"line":250,"column":6},"end":{"line":269,"column":null}},"112":{"start":{"line":250,"column":42},"end":{"line":250,"column":65}},"113":{"start":{"line":251,"column":28},"end":{"line":251,"column":30}},"114":{"start":{"line":253,"column":8},"end":{"line":256,"column":null}},"115":{"start":{"line":254,"column":28},"end":{"line":254,"column":77}},"116":{"start":{"line":255,"column":10},"end":{"line":255,"column":null}},"117":{"start":{"line":257,"column":8},"end":{"line":259,"column":null}},"118":{"start":{"line":258,"column":10},"end":{"line":258,"column":null}},"119":{"start":{"line":260,"column":26},"end":{"line":260,"column":80}},"120":{"start":{"line":261,"column":21},"end":{"line":261,"column":22}},"121":{"start":{"line":262,"column":8},"end":{"line":267,"column":null}},"122":{"start":{"line":263,"column":21},"end":{"line":263,"column":40}},"123":{"start":{"line":264,"column":10},"end":{"line":266,"column":null}},"124":{"start":{"line":265,"column":12},"end":{"line":265,"column":null}},"125":{"start":{"line":268,"column":8},"end":{"line":268,"column":null}},"126":{"start":{"line":271,"column":6},"end":{"line":271,"column":null}},"127":{"start":{"line":276,"column":2},"end":{"line":276,"column":null}},"128":{"start":{"line":276,"column":25},"end":{"line":276,"column":46}},"129":{"start":{"line":278,"column":2},"end":{"line":282,"column":null}}},"fnMap":{"0":{"name":"getTicketFiles","decl":{"start":{"line":13,"column":9},"end":{"line":13,"column":23}},"loc":{"start":{"line":13,"column":37},"end":{"line":33,"column":null}},"line":13},"1":{"name":"(anonymous_1)","decl":{"start":{"line":25,"column":53},"end":{"line":25,"column":54}},"loc":{"start":{"line":25,"column":58},"end":{"line":25,"column":75}},"line":25},"2":{"name":"isTicketInWindow","decl":{"start":{"line":41,"column":9},"end":{"line":41,"column":25}},"loc":{"start":{"line":41,"column":42},"end":{"line":59,"column":null}},"line":41},"3":{"name":"hasFutureCreatedAt","decl":{"start":{"line":66,"column":9},"end":{"line":66,"column":27}},"loc":{"start":{"line":66,"column":32},"end":{"line":71,"column":null}},"line":66},"4":{"name":"computeVelocity","decl":{"start":{"line":81,"column":16},"end":{"line":81,"column":31}},"loc":{"start":{"line":81,"column":80},"end":{"line":114,"column":null}},"line":81},"5":{"name":"computeCycleTime","decl":{"start":{"line":123,"column":16},"end":{"line":123,"column":32}},"loc":{"start":{"line":123,"column":93},"end":{"line":200,"column":null}},"line":123},"6":{"name":"(anonymous_6)","decl":{"start":{"line":175,"column":28},"end":{"line":175,"column":29}},"loc":{"start":{"line":175,"column":33},"end":{"line":175,"column":39}},"line":175},"7":{"name":"(anonymous_7)","decl":{"start":{"line":175,"column":46},"end":{"line":175,"column":47}},"loc":{"start":{"line":175,"column":56},"end":{"line":175,"column":61}},"line":175},"8":{"name":"(anonymous_8)","decl":{"start":{"line":177,"column":28},"end":{"line":177,"column":29}},"loc":{"start":{"line":177,"column":40},"end":{"line":177,"column":47}},"line":177},"9":{"name":"getPercentile","decl":{"start":{"line":179,"column":11},"end":{"line":179,"column":24}},"loc":{"start":{"line":179,"column":28},"end":{"line":186,"column":null}},"line":179},"10":{"name":"isCreatedWithinWindow","decl":{"start":{"line":208,"column":9},"end":{"line":208,"column":30}},"loc":{"start":{"line":208,"column":47},"end":{"line":216,"column":null}},"line":208},"11":{"name":"computeStats","decl":{"start":{"line":225,"column":16},"end":{"line":225,"column":28}},"loc":{"start":{"line":225,"column":61},"end":{"line":283,"column":null}},"line":225},"12":{"name":"(anonymous_12)","decl":{"start":{"line":250,"column":37},"end":{"line":250,"column":38}},"loc":{"start":{"line":250,"column":42},"end":{"line":250,"column":65}},"line":250},"13":{"name":"(anonymous_13)","decl":{"start":{"line":276,"column":15},"end":{"line":276,"column":16}},"loc":{"start":{"line":276,"column":25},"end":{"line":276,"column":46}},"line":276}},"branchMap":{"0":{"loc":{"start":{"line":15,"column":2},"end":{"line":17,"column":null}},"type":"if","locations":[{"start":{"line":15,"column":2},"end":{"line":17,"column":null}},{"start":{},"end":{}}],"line":15},"1":{"loc":{"start":{"line":24,"column":4},"end":{"line":29,"column":null}},"type":"if","locations":[{"start":{"line":24,"column":4},"end":{"line":29,"column":null}},{"start":{},"end":{}}],"line":24},"2":{"loc":{"start":{"line":42,"column":2},"end":{"line":44,"column":null}},"type":"if","locations":[{"start":{"line":42,"column":2},"end":{"line":44,"column":null}},{"start":{},"end":{}}],"line":42},"3":{"loc":{"start":{"line":46,"column":2},"end":{"line":48,"column":null}},"type":"if","locations":[{"start":{"line":46,"column":2},"end":{"line":48,"column":null}},{"start":{},"end":{}}],"line":46},"4":{"loc":{"start":{"line":50,"column":2},"end":{"line":52,"column":null}},"type":"if","locations":[{"start":{"line":50,"column":2},"end":{"line":52,"column":null}},{"start":{},"end":{}}],"line":50},"5":{"loc":{"start":{"line":67,"column":2},"end":{"line":67,"column":null}},"type":"if","locations":[{"start":{"line":67,"column":2},"end":{"line":67,"column":null}},{"start":{},"end":{}}],"line":67},"6":{"loc":{"start":{"line":81,"column":45},"end":{"line":81,"column":62}},"type":"default-arg","locations":[{"start":{"line":81,"column":58},"end":{"line":81,"column":62}}],"line":81},"7":{"loc":{"start":{"line":81,"column":64},"end":{"line":81,"column":78}},"type":"default-arg","locations":[{"start":{"line":81,"column":74},"end":{"line":81,"column":78}}],"line":81},"8":{"loc":{"start":{"line":91,"column":6},"end":{"line":93,"column":null}},"type":"if","locations":[{"start":{"line":91,"column":6},"end":{"line":93,"column":null}},{"start":{},"end":{}}],"line":91},"9":{"loc":{"start":{"line":95,"column":6},"end":{"line":97,"column":null}},"type":"if","locations":[{"start":{"line":95,"column":6},"end":{"line":97,"column":null}},{"start":{},"end":{}}],"line":95},"10":{"loc":{"start":{"line":100,"column":25},"end":{"line":100,"column":92}},"type":"cond-expr","locations":[{"start":{"line":100,"column":58},"end":{"line":100,"column":88}},{"start":{"line":100,"column":91},"end":{"line":100,"column":92}}],"line":100},"11":{"loc":{"start":{"line":123,"column":46},"end":{"line":123,"column":63}},"type":"default-arg","locations":[{"start":{"line":123,"column":59},"end":{"line":123,"column":63}}],"line":123},"12":{"loc":{"start":{"line":123,"column":65},"end":{"line":123,"column":91}},"type":"default-arg","locations":[{"start":{"line":123,"column":79},"end":{"line":123,"column":91}}],"line":123},"13":{"loc":{"start":{"line":131,"column":6},"end":{"line":133,"column":null}},"type":"if","locations":[{"start":{"line":131,"column":6},"end":{"line":133,"column":null}},{"start":{},"end":{}}],"line":131},"14":{"loc":{"start":{"line":135,"column":6},"end":{"line":137,"column":null}},"type":"if","locations":[{"start":{"line":135,"column":6},"end":{"line":137,"column":null}},{"start":{},"end":{}}],"line":135},"15":{"loc":{"start":{"line":140,"column":6},"end":{"line":142,"column":null}},"type":"if","locations":[{"start":{"line":140,"column":6},"end":{"line":142,"column":null}},{"start":{},"end":{}}],"line":140},"16":{"loc":{"start":{"line":144,"column":6},"end":{"line":146,"column":null}},"type":"if","locations":[{"start":{"line":144,"column":6},"end":{"line":146,"column":null}},{"start":{},"end":{}}],"line":144},"17":{"loc":{"start":{"line":151,"column":6},"end":{"line":153,"column":null}},"type":"if","locations":[{"start":{"line":151,"column":6},"end":{"line":153,"column":null}},{"start":{},"end":{}}],"line":151},"18":{"loc":{"start":{"line":164,"column":2},"end":{"line":173,"column":null}},"type":"if","locations":[{"start":{"line":164,"column":2},"end":{"line":173,"column":null}},{"start":{},"end":{}}],"line":164},"19":{"loc":{"start":{"line":183,"column":4},"end":{"line":183,"column":null}},"type":"if","locations":[{"start":{"line":183,"column":4},"end":{"line":183,"column":null}},{"start":{},"end":{}}],"line":183},"20":{"loc":{"start":{"line":209,"column":2},"end":{"line":209,"column":null}},"type":"if","locations":[{"start":{"line":209,"column":2},"end":{"line":209,"column":null}},{"start":{},"end":{}}],"line":209},"21":{"loc":{"start":{"line":210,"column":2},"end":{"line":210,"column":null}},"type":"if","locations":[{"start":{"line":210,"column":2},"end":{"line":210,"column":null}},{"start":{},"end":{}}],"line":210},"22":{"loc":{"start":{"line":213,"column":2},"end":{"line":213,"column":null}},"type":"if","locations":[{"start":{"line":213,"column":2},"end":{"line":213,"column":null}},{"start":{},"end":{}}],"line":213},"23":{"loc":{"start":{"line":213,"column":6},"end":{"line":213,"column":47}},"type":"binary-expr","locations":[{"start":{"line":213,"column":6},"end":{"line":213,"column":30}},{"start":{"line":213,"column":34},"end":{"line":213,"column":47}}],"line":213},"24":{"loc":{"start":{"line":225,"column":42},"end":{"line":225,"column":59}},"type":"default-arg","locations":[{"start":{"line":225,"column":55},"end":{"line":225,"column":59}}],"line":225},"25":{"loc":{"start":{"line":236,"column":6},"end":{"line":236,"column":null}},"type":"if","locations":[{"start":{"line":236,"column":6},"end":{"line":236,"column":null}},{"start":{},"end":{}}],"line":236},"26":{"loc":{"start":{"line":239,"column":6},"end":{"line":239,"column":null}},"type":"if","locations":[{"start":{"line":239,"column":6},"end":{"line":239,"column":null}},{"start":{},"end":{}}],"line":239},"27":{"loc":{"start":{"line":239,"column":10},"end":{"line":239,"column":79}},"type":"binary-expr","locations":[{"start":{"line":239,"column":10},"end":{"line":239,"column":28}},{"start":{"line":239,"column":32},"end":{"line":239,"column":79}}],"line":239},"28":{"loc":{"start":{"line":241,"column":21},"end":{"line":241,"column":52}},"type":"binary-expr","locations":[{"start":{"line":241,"column":21},"end":{"line":241,"column":39}},{"start":{"line":241,"column":43},"end":{"line":241,"column":52}}],"line":241},"29":{"loc":{"start":{"line":242,"column":27},"end":{"line":242,"column":49}},"type":"binary-expr","locations":[{"start":{"line":242,"column":27},"end":{"line":242,"column":44}},{"start":{"line":242,"column":48},"end":{"line":242,"column":49}}],"line":242},"30":{"loc":{"start":{"line":244,"column":19},"end":{"line":244,"column":48}},"type":"binary-expr","locations":[{"start":{"line":244,"column":19},"end":{"line":244,"column":35}},{"start":{"line":244,"column":39},"end":{"line":244,"column":48}}],"line":244},"31":{"loc":{"start":{"line":245,"column":23},"end":{"line":245,"column":41}},"type":"binary-expr","locations":[{"start":{"line":245,"column":23},"end":{"line":245,"column":36}},{"start":{"line":245,"column":40},"end":{"line":245,"column":41}}],"line":245},"32":{"loc":{"start":{"line":248,"column":24},"end":{"line":249,"column":97}},"type":"binary-expr","locations":[{"start":{"line":248,"column":25},"end":{"line":248,"column":57}},{"start":{"line":249,"column":25},"end":{"line":249,"column":56}},{"start":{"line":249,"column":60},"end":{"line":249,"column":96}}],"line":248},"33":{"loc":{"start":{"line":250,"column":6},"end":{"line":269,"column":null}},"type":"if","locations":[{"start":{"line":250,"column":6},"end":{"line":269,"column":null}},{"start":{},"end":{}}],"line":250},"34":{"loc":{"start":{"line":250,"column":10},"end":{"line":250,"column":66}},"type":"binary-expr","locations":[{"start":{"line":250,"column":10},"end":{"line":250,"column":19}},{"start":{"line":250,"column":23},"end":{"line":250,"column":66}}],"line":250},"35":{"loc":{"start":{"line":253,"column":8},"end":{"line":256,"column":null}},"type":"if","locations":[{"start":{"line":253,"column":8},"end":{"line":256,"column":null}},{"start":{},"end":{}}],"line":253},"36":{"loc":{"start":{"line":253,"column":12},"end":{"line":253,"column":78}},"type":"binary-expr","locations":[{"start":{"line":253,"column":12},"end":{"line":253,"column":45}},{"start":{"line":253,"column":49},"end":{"line":253,"column":78}}],"line":253},"37":{"loc":{"start":{"line":255,"column":26},"end":{"line":255,"column":87}},"type":"binary-expr","locations":[{"start":{"line":255,"column":26},"end":{"line":255,"column":42}},{"start":{"line":255,"column":46},"end":{"line":255,"column":63}},{"start":{"line":255,"column":67},"end":{"line":255,"column":81}},{"start":{"line":255,"column":85},"end":{"line":255,"column":87}}],"line":255},"38":{"loc":{"start":{"line":257,"column":8},"end":{"line":259,"column":null}},"type":"if","locations":[{"start":{"line":257,"column":8},"end":{"line":259,"column":null}},{"start":{},"end":{}}],"line":257},"39":{"loc":{"start":{"line":257,"column":12},"end":{"line":257,"column":56}},"type":"binary-expr","locations":[{"start":{"line":257,"column":12},"end":{"line":257,"column":26}},{"start":{"line":257,"column":30},"end":{"line":257,"column":56}}],"line":257},"40":{"loc":{"start":{"line":260,"column":26},"end":{"line":260,"column":80}},"type":"binary-expr","locations":[{"start":{"line":260,"column":26},"end":{"line":260,"column":48}},{"start":{"line":260,"column":52},"end":{"line":260,"column":74}},{"start":{"line":260,"column":78},"end":{"line":260,"column":80}}],"line":260},"41":{"loc":{"start":{"line":262,"column":8},"end":{"line":267,"column":null}},"type":"if","locations":[{"start":{"line":262,"column":8},"end":{"line":267,"column":null}},{"start":{},"end":{}}],"line":262},"42":{"loc":{"start":{"line":264,"column":10},"end":{"line":266,"column":null}},"type":"if","locations":[{"start":{"line":264,"column":10},"end":{"line":266,"column":null}},{"start":{},"end":{}}],"line":264}},"s":{"0":1,"1":25,"2":25,"3":0,"4":25,"5":25,"6":25,"7":125,"8":125,"9":125,"10":60,"11":125,"12":60,"13":25,"14":32,"15":1,"16":31,"17":23,"18":8,"19":0,"20":8,"21":8,"22":8,"23":8,"24":60,"25":2,"26":58,"27":58,"28":58,"29":10,"30":10,"31":10,"32":10,"33":10,"34":17,"35":17,"36":17,"37":1,"38":16,"39":2,"40":14,"41":14,"42":17,"43":17,"44":0,"45":10,"46":7,"47":7,"48":7,"49":18,"50":18,"51":18,"52":2,"53":16,"54":1,"55":15,"56":1,"57":14,"58":0,"59":14,"60":14,"61":14,"62":0,"63":14,"64":14,"65":0,"66":7,"67":7,"68":4,"69":3,"70":14,"71":25,"72":3,"73":14,"74":9,"75":9,"76":9,"77":9,"78":4,"79":5,"80":5,"81":3,"82":3,"83":3,"84":3,"85":0,"86":0,"87":0,"88":0,"89":0,"90":0,"91":0,"92":0,"93":0,"94":0,"95":8,"96":8,"97":8,"98":8,"99":8,"100":25,"101":25,"102":25,"103":1,"104":24,"105":0,"106":24,"107":25,"108":25,"109":25,"110":25,"111":25,"112":107,"113":21,"114":21,"115":1,"116":1,"117":21,"118":20,"119":21,"120":21,"121":21,"122":20,"123":20,"124":20,"125":21,"126":0,"127":8,"128":16,"129":8},"f":{"0":25,"1":60,"2":32,"3":60,"4":10,"5":7,"6":14,"7":25,"8":14,"9":9,"10":0,"11":8,"12":107,"13":16},"b":{"0":[0,25],"1":[125,0],"2":[1,31],"3":[23,8],"4":[0,8],"5":[2,58],"6":[10],"7":[10],"8":[1,16],"9":[2,14],"10":[13,1],"11":[7],"12":[7],"13":[2,16],"14":[1,15],"15":[1,14],"16":[0,14],"17":[0,14],"18":[4,3],"19":[4,5],"20":[0,0],"21":[0,0],"22":[0,0],"23":[0,0],"24":[8],"25":[1,24],"26":[0,24],"27":[24,0],"28":[24,0],"29":[25,8],"30":[25,0],"31":[25,7],"32":[25,4,1],"33":[21,4],"34":[25,21],"35":[1,20],"36":[21,1],"37":[1,0,0,0],"38":[20,1],"39":[21,20],"40":[21,19,1],"41":[20,1],"42":[20,0]},"meta":{"lastBranch":43,"lastFunction":14,"lastStatement":130,"seen":{"s:6:18:6:62":0,"f:13:9:13:23":0,"s:14:21:14:67":1,"b:15:2:17:Infinity:undefined:undefined:undefined:undefined":0,"s:15:2:17:Infinity":2,"s:16:4:16:Infinity":3,"s:19:22:19:24":4,"s:20:19:20:72":5,"s:22:2:30:Infinity":6,"s:23:22:23:51":7,"b:24:4:29:Infinity:undefined:undefined:undefined:undefined":1,"s:24:4:29:Infinity":8,"s:25:20:25:76":9,"f:25:53:25:54":1,"s:25:58:25:75":10,"s:26:6:28:Infinity":11,"s:27:8:27:Infinity":12,"s:32:2:32:Infinity":13,"f:41:9:41:25":2,"b:42:2:44:Infinity:undefined:undefined:undefined:undefined":2,"s:42:2:44:Infinity":14,"s:43:4:43:Infinity":15,"b:46:2:48:Infinity:undefined:undefined:undefined:undefined":3,"s:46:2:48:Infinity":16,"s:47:4:47:Infinity":17,"b:50:2:52:Infinity:undefined:undefined:undefined:undefined":4,"s:50:2:52:Infinity":18,"s:51:4:51:Infinity":19,"s:54:20:54:45":20,"s:55:14:55:24":21,"s:56:19:56:60":22,"s:58:2:58:Infinity":23,"f:66:9:66:27":3,"b:67:2:67:Infinity:undefined:undefined:undefined:undefined":5,"s:67:2:67:Infinity":24,"s:67:22:67:Infinity":25,"s:68:18:68:41":26,"s:69:14:69:24":27,"s:70:2:70:Infinity":28,"f:81:16:81:31":4,"b:81:58:81:62":6,"b:81:74:81:78":7,"s:82:18:82:45":29,"s:83:12:83:13":30,"s:84:14:84:15":31,"s:85:19:85:21":32,"s:87:2:107:Infinity":33,"s:88:4:106:Infinity":34,"s:89:29:89:56":35,"b:91:6:93:Infinity:undefined:undefined:undefined:undefined":8,"s:91:6:93:Infinity":36,"s:92:8:92:17":37,"b:95:6:97:Infinity:undefined:undefined:undefined:undefined":9,"s:95:6:97:Infinity":38,"s:96:8:96:Infinity":39,"s:99:6:99:Infinity":40,"s:100:25:100:92":41,"b:100:58:100:88:100:91:100:92":10,"s:101:6:101:Infinity":42,"s:102:6:102:Infinity":43,"s:105:6:105:Infinity":44,"s:109:2:113:Infinity":45,"f:123:16:123:32":5,"b:123:59:123:63":11,"b:123:79:123:91":12,"s:124:18:124:45":46,"s:125:17:125:19":47,"s:127:2:160:Infinity":48,"s:128:4:159:Infinity":49,"s:129:29:129:56":50,"b:131:6:133:Infinity:undefined:undefined:undefined:undefined":13,"s:131:6:133:Infinity":51,"s:132:8:132:Infinity":52,"b:135:6:137:Infinity:undefined:undefined:undefined:undefined":14,"s:135:6:137:Infinity":53,"s:136:8:136:Infinity":54,"b:140:6:142:Infinity:undefined:undefined:undefined:undefined":15,"s:140:6:142:Infinity":55,"s:141:8:141:Infinity":56,"b:144:6:146:Infinity:undefined:undefined:undefined:undefined":16,"s:144:6:146:Infinity":57,"s:145:8:145:Infinity":58,"s:148:22:148:54":59,"s:149:24:149:58":60,"b:151:6:153:Infinity:undefined:undefined:undefined:undefined":17,"s:151:6:153:Infinity":61,"s:152:8:152:17":62,"s:155:19:155:64":63,"s:156:6:156:Infinity":64,"s:158:6:158:Infinity":65,"s:162:16:162:29":66,"b:164:2:173:Infinity:undefined:undefined:undefined:undefined":18,"s:164:2:173:Infinity":67,"s:165:4:172:Infinity":68,"s:175:17:175:62":69,"f:175:28:175:29":6,"s:175:33:175:39":70,"f:175:46:175:47":7,"s:175:56:175:61":71,"s:177:14:177:59":72,"f:177:28:177:29":8,"s:177:40:177:47":73,"f:179:11:179:24":9,"s:180:16:180:47":74,"s:181:16:181:31":75,"s:182:17:182:31":76,"b:183:4:183:Infinity:undefined:undefined:undefined:undefined":19,"s:183:4:183:Infinity":77,"s:183:22:183:Infinity":78,"s:184:19:184:28":79,"s:185:4:185:Infinity":80,"s:188:14:188:31":81,"s:189:14:189:31":82,"s:190:14:190:31":83,"s:192:2:199:Infinity":84,"f:208:9:208:30":10,"b:209:2:209:Infinity:undefined:undefined:undefined:undefined":20,"s:209:2:209:Infinity":85,"s:209:19:209:Infinity":86,"b:210:2:210:Infinity:undefined:undefined:undefined:undefined":21,"s:210:2:210:Infinity":87,"s:210:22:210:Infinity":88,"s:211:18:211:41":89,"s:212:14:212:24":90,"b:213:2:213:Infinity:undefined:undefined:undefined:undefined":22,"s:213:2:213:Infinity":91,"b:213:6:213:30:213:34:213:47":23,"s:213:49:213:Infinity":92,"s:214:19:214:58":93,"s:215:2:215:Infinity":94,"f:225:16:225:28":11,"b:225:55:225:59":24,"s:226:18:226:45":95,"s:227:20:227:22":96,"s:228:18:228:20":97,"s:229:18:229:20":98,"s:231:2:273:Infinity":99,"s:232:4:272:Infinity":100,"s:233:29:233:56":101,"b:236:6:236:Infinity:undefined:undefined:undefined:undefined":25,"s:236:6:236:Infinity":102,"s:236:43:236:Infinity":103,"b:239:6:239:Infinity:undefined:undefined:undefined:undefined":26,"s:239:6:239:Infinity":104,"b:239:10:239:28:239:32:239:79":27,"s:239:81:239:Infinity":105,"s:241:21:241:52":106,"b:241:21:241:39:241:43:241:52":28,"s:242:6:242:Infinity":107,"b:242:27:242:44:242:48:242:49":29,"s:244:19:244:48":108,"b:244:19:244:35:244:39:244:48":30,"s:245:6:245:Infinity":109,"b:245:23:245:36:245:40:245:41":31,"s:248:24:249:97":110,"b:248:25:248:57:249:25:249:56:249:60:249:96":32,"b:250:6:269:Infinity:undefined:undefined:undefined:undefined":33,"s:250:6:269:Infinity":111,"b:250:10:250:19:250:23:250:66":34,"f:250:37:250:38":12,"s:250:42:250:65":112,"s:251:28:251:30":113,"b:253:8:256:Infinity:undefined:undefined:undefined:undefined":35,"s:253:8:256:Infinity":114,"b:253:12:253:45:253:49:253:78":36,"s:254:28:254:77":115,"s:255:10:255:Infinity":116,"b:255:26:255:42:255:46:255:63:255:67:255:81:255:85:255:87":37,"b:257:8:259:Infinity:undefined:undefined:undefined:undefined":38,"s:257:8:259:Infinity":117,"b:257:12:257:26:257:30:257:56":39,"s:258:10:258:Infinity":118,"s:260:26:260:80":119,"b:260:26:260:48:260:52:260:74:260:78:260:80":40,"s:261:21:261:22":120,"b:262:8:267:Infinity:undefined:undefined:undefined:undefined":41,"s:262:8:267:Infinity":121,"s:263:21:263:40":122,"b:264:10:266:Infinity:undefined:undefined:undefined:undefined":42,"s:264:10:266:Infinity":123,"s:265:12:265:Infinity":124,"s:268:8:268:Infinity":125,"s:271:6:271:Infinity":126,"s:276:2:276:Infinity":127,"f:276:15:276:16":13,"s:276:25:276:46":128,"s:278:2:282:Infinity":129}}}
,"D:\\Dev\\workflow-mcp\\src\\caches\\frontmatter-cache.mjs": {"path":"D:\\Dev\\workflow-mcp\\src\\caches\\frontmatter-cache.mjs","statementMap":{"0":{"start":{"line":11,"column":4},"end":{"line":11,"column":null}},"1":{"start":{"line":12,"column":4},"end":{"line":12,"column":27}},"2":{"start":{"line":13,"column":4},"end":{"line":13,"column":26}},"3":{"start":{"line":22,"column":4},"end":{"line":61,"column":null}},"4":{"start":{"line":24,"column":20},"end":{"line":24,"column":41}},"5":{"start":{"line":25,"column":27},"end":{"line":25,"column":40}},"6":{"start":{"line":28,"column":6},"end":{"line":38,"column":null}},"7":{"start":{"line":29,"column":23},"end":{"line":29,"column":47}},"8":{"start":{"line":31,"column":8},"end":{"line":37,"column":null}},"9":{"start":{"line":32,"column":10},"end":{"line":32,"column":null}},"10":{"start":{"line":33,"column":10},"end":{"line":36,"column":null}},"11":{"start":{"line":41,"column":22},"end":{"line":41,"column":55}},"12":{"start":{"line":42,"column":29},"end":{"line":42,"column":55}},"13":{"start":{"line":44,"column":25},"end":{"line":47,"column":7}},"14":{"start":{"line":49,"column":6},"end":{"line":49,"column":null}},"15":{"start":{"line":50,"column":6},"end":{"line":50,"column":null}},"16":{"start":{"line":53,"column":6},"end":{"line":53,"column":null}},"17":{"start":{"line":55,"column":6},"end":{"line":58,"column":null}},"18":{"start":{"line":60,"column":6},"end":{"line":60,"column":null}},"19":{"start":{"line":69,"column":4},"end":{"line":69,"column":null}},"20":{"start":{"line":70,"column":4},"end":{"line":70,"column":null}},"21":{"start":{"line":70,"column":52},"end":{"line":70,"column":66}},"22":{"start":{"line":79,"column":18},"end":{"line":79,"column":52}},"23":{"start":{"line":80,"column":4},"end":{"line":82,"column":null}},"24":{"start":{"line":81,"column":6},"end":{"line":81,"column":null}},"25":{"start":{"line":84,"column":4},"end":{"line":84,"column":null}},"26":{"start":{"line":92,"column":4},"end":{"line":98,"column":null}},"27":{"start":{"line":94,"column":18},"end":{"line":94,"column":42}},"28":{"start":{"line":95,"column":6},"end":{"line":97,"column":null}},"29":{"start":{"line":96,"column":8},"end":{"line":96,"column":null}},"30":{"start":{"line":106,"column":4},"end":{"line":109,"column":null}},"31":{"start":{"line":116,"column":4},"end":{"line":116,"column":null}},"32":{"start":{"line":117,"column":4},"end":{"line":117,"column":null}},"33":{"start":{"line":125,"column":32},"end":{"line":125,"column":58}},"34":{"start":{"line":133,"column":2},"end":{"line":133,"column":null}},"35":{"start":{"line":141,"column":2},"end":{"line":141,"column":null}}},"fnMap":{"0":{"name":"(anonymous_0)","decl":{"start":{"line":10,"column":2},"end":{"line":10,"column":13}},"loc":{"start":{"line":10,"column":30},"end":{"line":14,"column":null}},"line":10},"1":{"name":"(anonymous_1)","decl":{"start":{"line":21,"column":2},"end":{"line":21,"column":16}},"loc":{"start":{"line":21,"column":27},"end":{"line":62,"column":null}},"line":21},"2":{"name":"(anonymous_2)","decl":{"start":{"line":68,"column":2},"end":{"line":68,"column":12}},"loc":{"start":{"line":68,"column":23},"end":{"line":71,"column":null}},"line":68},"3":{"name":"(anonymous_3)","decl":{"start":{"line":70,"column":47},"end":{"line":70,"column":48}},"loc":{"start":{"line":70,"column":52},"end":{"line":70,"column":66}},"line":70},"4":{"name":"(anonymous_4)","decl":{"start":{"line":77,"column":2},"end":{"line":77,"column":20}},"loc":{"start":{"line":77,"column":31},"end":{"line":85,"column":null}},"line":77},"5":{"name":"(anonymous_5)","decl":{"start":{"line":91,"column":2},"end":{"line":91,"column":16}},"loc":{"start":{"line":91,"column":19},"end":{"line":99,"column":null}},"line":91},"6":{"name":"(anonymous_6)","decl":{"start":{"line":105,"column":2},"end":{"line":105,"column":10}},"loc":{"start":{"line":105,"column":13},"end":{"line":110,"column":null}},"line":105},"7":{"name":"(anonymous_7)","decl":{"start":{"line":115,"column":2},"end":{"line":115,"column":7}},"loc":{"start":{"line":115,"column":10},"end":{"line":118,"column":null}},"line":115},"8":{"name":"getFrontmatter","decl":{"start":{"line":132,"column":16},"end":{"line":132,"column":30}},"loc":{"start":{"line":132,"column":41},"end":{"line":134,"column":null}},"line":132},"9":{"name":"invalidate","decl":{"start":{"line":140,"column":16},"end":{"line":140,"column":26}},"loc":{"start":{"line":140,"column":37},"end":{"line":142,"column":null}},"line":140}},"branchMap":{"0":{"loc":{"start":{"line":10,"column":14},"end":{"line":10,"column":28}},"type":"default-arg","locations":[{"start":{"line":10,"column":24},"end":{"line":10,"column":28}}],"line":10},"1":{"loc":{"start":{"line":28,"column":6},"end":{"line":38,"column":null}},"type":"if","locations":[{"start":{"line":28,"column":6},"end":{"line":38,"column":null}},{"start":{},"end":{}}],"line":28},"2":{"loc":{"start":{"line":31,"column":8},"end":{"line":37,"column":null}},"type":"if","locations":[{"start":{"line":31,"column":8},"end":{"line":37,"column":null}},{"start":{},"end":{}}],"line":31},"3":{"loc":{"start":{"line":80,"column":4},"end":{"line":82,"column":null}},"type":"if","locations":[{"start":{"line":80,"column":4},"end":{"line":82,"column":null}},{"start":{},"end":{}}],"line":80},"4":{"loc":{"start":{"line":95,"column":6},"end":{"line":97,"column":null}},"type":"if","locations":[{"start":{"line":95,"column":6},"end":{"line":97,"column":null}},{"start":{},"end":{}}],"line":95}},"s":{"0":1,"1":1,"2":1,"3":115,"4":115,"5":115,"6":115,"7":59,"8":59,"9":59,"10":59,"11":56,"12":56,"13":56,"14":56,"15":56,"16":56,"17":56,"18":0,"19":0,"20":0,"21":0,"22":115,"23":115,"24":59,"25":115,"26":56,"27":0,"28":0,"29":0,"30":0,"31":22,"32":22,"33":1,"34":60,"35":0},"f":{"0":1,"1":115,"2":0,"3":0,"4":115,"5":56,"6":0,"7":22,"8":60,"9":0},"b":{"0":[1],"1":[59,56],"2":[59,0],"3":[59,56],"4":[0,0]},"meta":{"lastBranch":5,"lastFunction":10,"lastStatement":36,"seen":{"f:10:2:10:13":0,"b:10:24:10:28":0,"s:11:4:11:Infinity":0,"s:12:4:12:27":1,"s:13:4:13:26":2,"f:21:2:21:16":1,"s:22:4:61:Infinity":3,"s:24:20:24:41":4,"s:25:27:25:40":5,"b:28:6:38:Infinity:undefined:undefined:undefined:undefined":1,"s:28:6:38:Infinity":6,"s:29:23:29:47":7,"b:31:8:37:Infinity:undefined:undefined:undefined:undefined":2,"s:31:8:37:Infinity":8,"s:32:10:32:Infinity":9,"s:33:10:36:Infinity":10,"s:41:22:41:55":11,"s:42:29:42:55":12,"s:44:25:47:7":13,"s:49:6:49:Infinity":14,"s:50:6:50:Infinity":15,"s:53:6:53:Infinity":16,"s:55:6:58:Infinity":17,"s:60:6:60:Infinity":18,"f:68:2:68:12":2,"s:69:4:69:Infinity":19,"s:70:4:70:Infinity":20,"f:70:47:70:48":3,"s:70:52:70:66":21,"f:77:2:77:20":4,"s:79:18:79:52":22,"b:80:4:82:Infinity:undefined:undefined:undefined:undefined":3,"s:80:4:82:Infinity":23,"s:81:6:81:Infinity":24,"s:84:4:84:Infinity":25,"f:91:2:91:16":5,"s:92:4:98:Infinity":26,"s:94:18:94:42":27,"b:95:6:97:Infinity:undefined:undefined:undefined:undefined":4,"s:95:6:97:Infinity":28,"s:96:8:96:Infinity":29,"f:105:2:105:10":6,"s:106:4:109:Infinity":30,"f:115:2:115:7":7,"s:116:4:116:Infinity":31,"s:117:4:117:Infinity":32,"s:125:32:125:58":33,"f:132:16:132:30":8,"s:133:2:133:Infinity":34,"f:140:16:140:26":9,"s:141:2:141:Infinity":35}}}
}
